<?xml version="1.0" encoding="UTF-8"?>
<testng-results skipped="0" failed="0" ignored="0" total="1" passed="1">
  <reporter-output>
  </reporter-output>
  <suite name="Default suite" duration-ms="19866" started-at="2018-01-04T13:21:31Z" finished-at="2018-01-04T13:21:50Z">
    <groups>
    </groups>
    <test name="Default test" duration-ms="19866" started-at="2018-01-04T13:21:31Z" finished-at="2018-01-04T13:21:50Z">
      <class name="com.test.automation.uiAutomation.homepage.TC002_UserReg">
        <test-method status="PASS" signature="setup()[pri:0, instance:com.test.automation.uiAutomation.homepage.TC002_UserReg@6093dd95]" name="setup" is-config="true" duration-ms="12746" started-at="2018-01-04T18:51:31Z" finished-at="2018-01-04T18:51:43Z">
          <reporter-output>
          </reporter-output>
        </test-method> <!-- setup -->
        <test-method status="PASS" signature="VerifyUserReg()[pri:0, instance:com.test.automation.uiAutomation.homepage.TC002_UserReg@6093dd95]" name="VerifyUserReg" duration-ms="6966" started-at="2018-01-04T18:51:43Z" finished-at="2018-01-04T18:51:50Z">
          <reporter-output>
          </reporter-output>
        </test-method> <!-- VerifyUserReg -->
        <test-method status="PASS" signature="endTest()[pri:0, instance:com.test.automation.uiAutomation.homepage.TC002_UserReg@6093dd95]" name="endTest" is-config="true" duration-ms="142" started-at="2018-01-04T18:51:50Z" finished-at="2018-01-04T18:51:50Z">
          <reporter-output>
          </reporter-output>
        </test-method> <!-- endTest -->
      </class> <!-- com.test.automation.uiAutomation.homepage.TC002_UserReg -->
    </test> <!-- Default test -->
  </suite> <!-- Default suite -->
</testng-results>
