<?xml version="1.0" encoding="UTF-8"?>
<testng-results ignored="0" total="1" passed="1" failed="0" skipped="0">
  <reporter-output>
  </reporter-output>
  <suite started-at="2017-12-30T20:31:23Z" name="Default suite" finished-at="2017-12-30T20:31:48Z" duration-ms="24170">
    <groups>
    </groups>
    <test started-at="2017-12-30T20:31:23Z" name="Default test" finished-at="2017-12-30T20:31:48Z" duration-ms="24170">
      <class name="com.test.automation.uiAutomation.homepage.TC001_VerifyLoginWithInvalidCredentials">
        <test-method is-config="true" signature="setup()[pri:0, instance:com.test.automation.uiAutomation.homepage.TC001_VerifyLoginWithInvalidCredentials@5f683daf]" started-at="2017-12-31T02:01:23Z" name="setup" finished-at="2017-12-31T02:01:41Z" duration-ms="18036" status="PASS">
          <reporter-output>
          </reporter-output>
        </test-method> <!-- setup -->
        <test-method signature="verifyLoginWithInvalidCredentials()[pri:0, instance:com.test.automation.uiAutomation.homepage.TC001_VerifyLoginWithInvalidCredentials@5f683daf]" started-at="2017-12-31T02:01:42Z" name="verifyLoginWithInvalidCredentials" finished-at="2017-12-31T02:01:47Z" duration-ms="5253" status="PASS">
          <reporter-output>
          </reporter-output>
        </test-method> <!-- verifyLoginWithInvalidCredentials -->
        <test-method is-config="true" signature="endTest()[pri:0, instance:com.test.automation.uiAutomation.homepage.TC001_VerifyLoginWithInvalidCredentials@5f683daf]" started-at="2017-12-31T02:01:47Z" name="endTest" finished-at="2017-12-31T02:01:48Z" duration-ms="845" status="PASS">
          <reporter-output>
          </reporter-output>
        </test-method> <!-- endTest -->
      </class> <!-- com.test.automation.uiAutomation.homepage.TC001_VerifyLoginWithInvalidCredentials -->
    </test> <!-- Default test -->
  </suite> <!-- Default suite -->
</testng-results>
